<?xml version="1.0" encoding="UTF-8"?>
<testsuite xmlns:xsi="http://www.w3.org/2001/XMLSchema-instance" xsi:noNamespaceSchemaLocation="https://maven.apache.org/surefire/maven-surefire-plugin/xsd/surefire-test-report.xsd" name="KinesisServiceIntegrationTest" time="67.594" tests="6" errors="0" skipped="0" failures="0">
  <properties>
    <property name="java.specification.version" value="14"/>
    <property name="sun.jnu.encoding" value="UTF-8"/>
    <property name="java.class.path" value="/Users/kyungjaepark/Projects/study-aws-kinesis/target/test-classes:/Users/kyungjaepark/Projects/study-aws-kinesis/target/classes:/Users/kyungjaepark/.m2/repository/org/junit/jupiter/junit-jupiter-api/5.4.2/junit-jupiter-api-5.4.2.jar:/Users/kyungjaepark/.m2/repository/org/apiguardian/apiguardian-api/1.0.0/apiguardian-api-1.0.0.jar:/Users/kyungjaepark/.m2/repository/org/opentest4j/opentest4j/1.1.1/opentest4j-1.1.1.jar:/Users/kyungjaepark/.m2/repository/org/junit/jupiter/junit-jupiter-engine/5.4.2/junit-jupiter-engine-5.4.2.jar:/Users/kyungjaepark/.m2/repository/org/junit/platform/junit-platform-engine/1.4.2/junit-platform-engine-1.4.2.jar:/Users/kyungjaepark/.m2/repository/org/junit/platform/junit-platform-commons/1.4.0/junit-platform-commons-1.4.0.jar:/Users/kyungjaepark/.m2/repository/org/junit/platform/junit-platform-launcher/1.4.0/junit-platform-launcher-1.4.0.jar:/Users/kyungjaepark/.m2/repository/org/slf4j/slf4j-log4j12/1.7.25/slf4j-log4j12-1.7.25.jar:/Users/kyungjaepark/.m2/repository/org/slf4j/slf4j-api/1.7.25/slf4j-api-1.7.25.jar:/Users/kyungjaepark/.m2/repository/log4j/log4j/1.2.17/log4j-1.2.17.jar:/Users/kyungjaepark/.m2/repository/software/amazon/kinesis/amazon-kinesis-client/2.2.9/amazon-kinesis-client-2.2.9.jar:/Users/kyungjaepark/.m2/repository/software/amazon/awssdk/kinesis/2.10.54/kinesis-2.10.54.jar:/Users/kyungjaepark/.m2/repository/software/amazon/awssdk/aws-cbor-protocol/2.10.54/aws-cbor-protocol-2.10.54.jar:/Users/kyungjaepark/.m2/repository/com/fasterxml/jackson/dataformat/jackson-dataformat-cbor/2.10.0/jackson-dataformat-cbor-2.10.0.jar:/Users/kyungjaepark/.m2/repository/com/fasterxml/jackson/core/jackson-core/2.10.0/jackson-core-2.10.0.jar:/Users/kyungjaepark/.m2/repository/software/amazon/awssdk/aws-json-protocol/2.10.54/aws-json-protocol-2.10.54.jar:/Users/kyungjaepark/.m2/repository/software/amazon/awssdk/protocol-core/2.10.54/protocol-core-2.10.54.jar:/Users/kyungjaepark/.m2/repository/software/amazon/awssdk/sdk-core/2.10.54/sdk-core-2.10.54.jar:/Users/kyungjaepark/.m2/repository/software/amazon/awssdk/profiles/2.10.54/profiles-2.10.54.jar:/Users/kyungjaepark/.m2/repository/com/fasterxml/jackson/core/jackson-databind/2.10.0/jackson-databind-2.10.0.jar:/Users/kyungjaepark/.m2/repository/software/amazon/awssdk/auth/2.10.54/auth-2.10.54.jar:/Users/kyungjaepark/.m2/repository/software/amazon/eventstream/eventstream/1.0.1/eventstream-1.0.1.jar:/Users/kyungjaepark/.m2/repository/software/amazon/awssdk/http-client-spi/2.10.54/http-client-spi-2.10.54.jar:/Users/kyungjaepark/.m2/repository/software/amazon/awssdk/regions/2.10.54/regions-2.10.54.jar:/Users/kyungjaepark/.m2/repository/com/fasterxml/jackson/core/jackson-annotations/2.9.0/jackson-annotations-2.9.0.jar:/Users/kyungjaepark/.m2/repository/software/amazon/awssdk/annotations/2.10.54/annotations-2.10.54.jar:/Users/kyungjaepark/.m2/repository/software/amazon/awssdk/utils/2.10.54/utils-2.10.54.jar:/Users/kyungjaepark/.m2/repository/software/amazon/awssdk/aws-core/2.10.54/aws-core-2.10.54.jar:/Users/kyungjaepark/.m2/repository/software/amazon/awssdk/apache-client/2.10.54/apache-client-2.10.54.jar:/Users/kyungjaepark/.m2/repository/org/apache/httpcomponents/httpclient/4.5.9/httpclient-4.5.9.jar:/Users/kyungjaepark/.m2/repository/commons-logging/commons-logging/1.2/commons-logging-1.2.jar:/Users/kyungjaepark/.m2/repository/commons-codec/commons-codec/1.11/commons-codec-1.11.jar:/Users/kyungjaepark/.m2/repository/org/apache/httpcomponents/httpcore/4.4.11/httpcore-4.4.11.jar:/Users/kyungjaepark/.m2/repository/software/amazon/awssdk/dynamodb/2.10.54/dynamodb-2.10.54.jar:/Users/kyungjaepark/.m2/repository/software/amazon/awssdk/cloudwatch/2.10.54/cloudwatch-2.10.54.jar:/Users/kyungjaepark/.m2/repository/software/amazon/awssdk/aws-query-protocol/2.10.54/aws-query-protocol-2.10.54.jar:/Users/kyungjaepark/.m2/repository/software/amazon/awssdk/netty-nio-client/2.10.54/netty-nio-client-2.10.54.jar:/Users/kyungjaepark/.m2/repository/io/netty/netty-codec-http/4.1.42.Final/netty-codec-http-4.1.42.Final.jar:/Users/kyungjaepark/.m2/repository/io/netty/netty-codec-http2/4.1.42.Final/netty-codec-http2-4.1.42.Final.jar:/Users/kyungjaepark/.m2/repository/io/netty/netty-codec/4.1.42.Final/netty-codec-4.1.42.Final.jar:/Users/kyungjaepark/.m2/repository/io/netty/netty-transport/4.1.42.Final/netty-transport-4.1.42.Final.jar:/Users/kyungjaepark/.m2/repository/io/netty/netty-resolver/4.1.42.Final/netty-resolver-4.1.42.Final.jar:/Users/kyungjaepark/.m2/repository/io/netty/netty-common/4.1.42.Final/netty-common-4.1.42.Final.jar:/Users/kyungjaepark/.m2/repository/io/netty/netty-buffer/4.1.42.Final/netty-buffer-4.1.42.Final.jar:/Users/kyungjaepark/.m2/repository/io/netty/netty-handler/4.1.42.Final/netty-handler-4.1.42.Final.jar:/Users/kyungjaepark/.m2/repository/io/netty/netty-transport-native-epoll/4.1.42.Final/netty-transport-native-epoll-4.1.42.Final-linux-x86_64.jar:/Users/kyungjaepark/.m2/repository/io/netty/netty-transport-native-unix-common/4.1.42.Final/netty-transport-native-unix-common-4.1.42.Final.jar:/Users/kyungjaepark/.m2/repository/com/typesafe/netty/netty-reactive-streams-http/2.0.4/netty-reactive-streams-http-2.0.4.jar:/Users/kyungjaepark/.m2/repository/com/typesafe/netty/netty-reactive-streams/2.0.4/netty-reactive-streams-2.0.4.jar:/Users/kyungjaepark/.m2/repository/org/reactivestreams/reactive-streams/1.0.2/reactive-streams-1.0.2.jar:/Users/kyungjaepark/.m2/repository/com/google/guava/guava/26.0-jre/guava-26.0-jre.jar:/Users/kyungjaepark/.m2/repository/com/google/code/findbugs/jsr305/3.0.2/jsr305-3.0.2.jar:/Users/kyungjaepark/.m2/repository/org/checkerframework/checker-qual/2.5.2/checker-qual-2.5.2.jar:/Users/kyungjaepark/.m2/repository/com/google/errorprone/error_prone_annotations/2.1.3/error_prone_annotations-2.1.3.jar:/Users/kyungjaepark/.m2/repository/com/google/j2objc/j2objc-annotations/1.1/j2objc-annotations-1.1.jar:/Users/kyungjaepark/.m2/repository/org/codehaus/mojo/animal-sniffer-annotations/1.14/animal-sniffer-annotations-1.14.jar:/Users/kyungjaepark/.m2/repository/com/google/protobuf/protobuf-java/2.6.1/protobuf-java-2.6.1.jar:/Users/kyungjaepark/.m2/repository/org/apache/commons/commons-lang3/3.8.1/commons-lang3-3.8.1.jar:/Users/kyungjaepark/.m2/repository/io/reactivex/rxjava2/rxjava/2.1.14/rxjava-2.1.14.jar:/Users/kyungjaepark/.m2/repository/commons-io/commons-io/1.3.2/commons-io-1.3.2.jar:"/>
    <property name="java.vm.vendor" value="Oracle Corporation"/>
    <property name="sun.arch.data.model" value="64"/>
    <property name="java.vendor.url" value="https://openjdk.java.net/"/>
    <property name="os.name" value="Mac OS X"/>
    <property name="java.vm.specification.version" value="14"/>
    <property name="sun.java.launcher" value="SUN_STANDARD"/>
    <property name="user.country" value="KR"/>
    <property name="sun.boot.library.path" value="/usr/local/Cellar/openjdk/14.0.1/libexec/openjdk.jdk/Contents/Home/lib"/>
    <property name="sun.java.command" value="/Users/kyungjaepark/Projects/study-aws-kinesis/target/surefire/surefirebooter17799489243309035319.jar /Users/kyungjaepark/Projects/study-aws-kinesis/target/surefire 2020-10-12T04-22-57_607-jvmRun1 surefire5294396929148502665tmp surefire_015204711112874591923tmp"/>
    <property name="http.nonProxyHosts" value="local|*.local|169.254/16|*.169.254/16"/>
    <property name="jdk.debug" value="release"/>
    <property name="surefire.test.class.path" value="/Users/kyungjaepark/Projects/study-aws-kinesis/target/test-classes:/Users/kyungjaepark/Projects/study-aws-kinesis/target/classes:/Users/kyungjaepark/.m2/repository/org/junit/jupiter/junit-jupiter-api/5.4.2/junit-jupiter-api-5.4.2.jar:/Users/kyungjaepark/.m2/repository/org/apiguardian/apiguardian-api/1.0.0/apiguardian-api-1.0.0.jar:/Users/kyungjaepark/.m2/repository/org/opentest4j/opentest4j/1.1.1/opentest4j-1.1.1.jar:/Users/kyungjaepark/.m2/repository/org/junit/jupiter/junit-jupiter-engine/5.4.2/junit-jupiter-engine-5.4.2.jar:/Users/kyungjaepark/.m2/repository/org/junit/platform/junit-platform-engine/1.4.2/junit-platform-engine-1.4.2.jar:/Users/kyungjaepark/.m2/repository/org/junit/platform/junit-platform-commons/1.4.0/junit-platform-commons-1.4.0.jar:/Users/kyungjaepark/.m2/repository/org/junit/platform/junit-platform-launcher/1.4.0/junit-platform-launcher-1.4.0.jar:/Users/kyungjaepark/.m2/repository/org/slf4j/slf4j-log4j12/1.7.25/slf4j-log4j12-1.7.25.jar:/Users/kyungjaepark/.m2/repository/org/slf4j/slf4j-api/1.7.25/slf4j-api-1.7.25.jar:/Users/kyungjaepark/.m2/repository/log4j/log4j/1.2.17/log4j-1.2.17.jar:/Users/kyungjaepark/.m2/repository/software/amazon/kinesis/amazon-kinesis-client/2.2.9/amazon-kinesis-client-2.2.9.jar:/Users/kyungjaepark/.m2/repository/software/amazon/awssdk/kinesis/2.10.54/kinesis-2.10.54.jar:/Users/kyungjaepark/.m2/repository/software/amazon/awssdk/aws-cbor-protocol/2.10.54/aws-cbor-protocol-2.10.54.jar:/Users/kyungjaepark/.m2/repository/com/fasterxml/jackson/dataformat/jackson-dataformat-cbor/2.10.0/jackson-dataformat-cbor-2.10.0.jar:/Users/kyungjaepark/.m2/repository/com/fasterxml/jackson/core/jackson-core/2.10.0/jackson-core-2.10.0.jar:/Users/kyungjaepark/.m2/repository/software/amazon/awssdk/aws-json-protocol/2.10.54/aws-json-protocol-2.10.54.jar:/Users/kyungjaepark/.m2/repository/software/amazon/awssdk/protocol-core/2.10.54/protocol-core-2.10.54.jar:/Users/kyungjaepark/.m2/repository/software/amazon/awssdk/sdk-core/2.10.54/sdk-core-2.10.54.jar:/Users/kyungjaepark/.m2/repository/software/amazon/awssdk/profiles/2.10.54/profiles-2.10.54.jar:/Users/kyungjaepark/.m2/repository/com/fasterxml/jackson/core/jackson-databind/2.10.0/jackson-databind-2.10.0.jar:/Users/kyungjaepark/.m2/repository/software/amazon/awssdk/auth/2.10.54/auth-2.10.54.jar:/Users/kyungjaepark/.m2/repository/software/amazon/eventstream/eventstream/1.0.1/eventstream-1.0.1.jar:/Users/kyungjaepark/.m2/repository/software/amazon/awssdk/http-client-spi/2.10.54/http-client-spi-2.10.54.jar:/Users/kyungjaepark/.m2/repository/software/amazon/awssdk/regions/2.10.54/regions-2.10.54.jar:/Users/kyungjaepark/.m2/repository/com/fasterxml/jackson/core/jackson-annotations/2.9.0/jackson-annotations-2.9.0.jar:/Users/kyungjaepark/.m2/repository/software/amazon/awssdk/annotations/2.10.54/annotations-2.10.54.jar:/Users/kyungjaepark/.m2/repository/software/amazon/awssdk/utils/2.10.54/utils-2.10.54.jar:/Users/kyungjaepark/.m2/repository/software/amazon/awssdk/aws-core/2.10.54/aws-core-2.10.54.jar:/Users/kyungjaepark/.m2/repository/software/amazon/awssdk/apache-client/2.10.54/apache-client-2.10.54.jar:/Users/kyungjaepark/.m2/repository/org/apache/httpcomponents/httpclient/4.5.9/httpclient-4.5.9.jar:/Users/kyungjaepark/.m2/repository/commons-logging/commons-logging/1.2/commons-logging-1.2.jar:/Users/kyungjaepark/.m2/repository/commons-codec/commons-codec/1.11/commons-codec-1.11.jar:/Users/kyungjaepark/.m2/repository/org/apache/httpcomponents/httpcore/4.4.11/httpcore-4.4.11.jar:/Users/kyungjaepark/.m2/repository/software/amazon/awssdk/dynamodb/2.10.54/dynamodb-2.10.54.jar:/Users/kyungjaepark/.m2/repository/software/amazon/awssdk/cloudwatch/2.10.54/cloudwatch-2.10.54.jar:/Users/kyungjaepark/.m2/repository/software/amazon/awssdk/aws-query-protocol/2.10.54/aws-query-protocol-2.10.54.jar:/Users/kyungjaepark/.m2/repository/software/amazon/awssdk/netty-nio-client/2.10.54/netty-nio-client-2.10.54.jar:/Users/kyungjaepark/.m2/repository/io/netty/netty-codec-http/4.1.42.Final/netty-codec-http-4.1.42.Final.jar:/Users/kyungjaepark/.m2/repository/io/netty/netty-codec-http2/4.1.42.Final/netty-codec-http2-4.1.42.Final.jar:/Users/kyungjaepark/.m2/repository/io/netty/netty-codec/4.1.42.Final/netty-codec-4.1.42.Final.jar:/Users/kyungjaepark/.m2/repository/io/netty/netty-transport/4.1.42.Final/netty-transport-4.1.42.Final.jar:/Users/kyungjaepark/.m2/repository/io/netty/netty-resolver/4.1.42.Final/netty-resolver-4.1.42.Final.jar:/Users/kyungjaepark/.m2/repository/io/netty/netty-common/4.1.42.Final/netty-common-4.1.42.Final.jar:/Users/kyungjaepark/.m2/repository/io/netty/netty-buffer/4.1.42.Final/netty-buffer-4.1.42.Final.jar:/Users/kyungjaepark/.m2/repository/io/netty/netty-handler/4.1.42.Final/netty-handler-4.1.42.Final.jar:/Users/kyungjaepark/.m2/repository/io/netty/netty-transport-native-epoll/4.1.42.Final/netty-transport-native-epoll-4.1.42.Final-linux-x86_64.jar:/Users/kyungjaepark/.m2/repository/io/netty/netty-transport-native-unix-common/4.1.42.Final/netty-transport-native-unix-common-4.1.42.Final.jar:/Users/kyungjaepark/.m2/repository/com/typesafe/netty/netty-reactive-streams-http/2.0.4/netty-reactive-streams-http-2.0.4.jar:/Users/kyungjaepark/.m2/repository/com/typesafe/netty/netty-reactive-streams/2.0.4/netty-reactive-streams-2.0.4.jar:/Users/kyungjaepark/.m2/repository/org/reactivestreams/reactive-streams/1.0.2/reactive-streams-1.0.2.jar:/Users/kyungjaepark/.m2/repository/com/google/guava/guava/26.0-jre/guava-26.0-jre.jar:/Users/kyungjaepark/.m2/repository/com/google/code/findbugs/jsr305/3.0.2/jsr305-3.0.2.jar:/Users/kyungjaepark/.m2/repository/org/checkerframework/checker-qual/2.5.2/checker-qual-2.5.2.jar:/Users/kyungjaepark/.m2/repository/com/google/errorprone/error_prone_annotations/2.1.3/error_prone_annotations-2.1.3.jar:/Users/kyungjaepark/.m2/repository/com/google/j2objc/j2objc-annotations/1.1/j2objc-annotations-1.1.jar:/Users/kyungjaepark/.m2/repository/org/codehaus/mojo/animal-sniffer-annotations/1.14/animal-sniffer-annotations-1.14.jar:/Users/kyungjaepark/.m2/repository/com/google/protobuf/protobuf-java/2.6.1/protobuf-java-2.6.1.jar:/Users/kyungjaepark/.m2/repository/org/apache/commons/commons-lang3/3.8.1/commons-lang3-3.8.1.jar:/Users/kyungjaepark/.m2/repository/io/reactivex/rxjava2/rxjava/2.1.14/rxjava-2.1.14.jar:/Users/kyungjaepark/.m2/repository/commons-io/commons-io/1.3.2/commons-io-1.3.2.jar:"/>
    <property name="sun.cpu.endian" value="little"/>
    <property name="user.home" value="/Users/kyungjaepark"/>
    <property name="user.language" value="en"/>
    <property name="java.specification.vendor" value="Oracle Corporation"/>
    <property name="java.version.date" value="2020-04-14"/>
    <property name="java.home" value="/usr/local/Cellar/openjdk/14.0.1/libexec/openjdk.jdk/Contents/Home"/>
    <property name="file.separator" value="/"/>
    <property name="basedir" value="/Users/kyungjaepark/Projects/study-aws-kinesis"/>
    <property name="java.vm.compressedOopsMode" value="Zero based"/>
    <property name="line.separator" value="&#10;"/>
    <property name="java.specification.name" value="Java Platform API Specification"/>
    <property name="java.vm.specification.vendor" value="Oracle Corporation"/>
    <property name="surefire.real.class.path" value="/Users/kyungjaepark/Projects/study-aws-kinesis/target/surefire/surefirebooter17799489243309035319.jar"/>
    <property name="sun.management.compiler" value="HotSpot 64-Bit Tiered Compilers"/>
    <property name="ftp.nonProxyHosts" value="local|*.local|169.254/16|*.169.254/16"/>
    <property name="java.runtime.version" value="14.0.1+14"/>
    <property name="user.name" value="kyungjaepark"/>
    <property name="path.separator" value=":"/>
    <property name="os.version" value="10.15.5"/>
    <property name="java.runtime.name" value="OpenJDK Runtime Environment"/>
    <property name="file.encoding" value="UTF-8"/>
    <property name="java.vm.name" value="OpenJDK 64-Bit Server VM"/>
    <property name="localRepository" value="/Users/kyungjaepark/.m2/repository"/>
    <property name="java.vendor.url.bug" value="https://bugreport.java.com/bugreport/"/>
    <property name="java.io.tmpdir" value="/var/folders/6m/f1lyg3td1ys_p5b1_jvw477h0000gn/T/"/>
    <property name="java.version" value="14.0.1"/>
    <property name="user.dir" value="/Users/kyungjaepark/Projects/study-aws-kinesis"/>
    <property name="os.arch" value="x86_64"/>
    <property name="java.vm.specification.name" value="Java Virtual Machine Specification"/>
    <property name="java.library.path" value="/Users/kyungjaepark/Library/Java/Extensions:/Library/Java/Extensions:/Network/Library/Java/Extensions:/System/Library/Java/Extensions:/usr/lib/java:."/>
    <property name="java.vm.info" value="mixed mode, sharing"/>
    <property name="java.vendor" value="N/A"/>
    <property name="java.vm.version" value="14.0.1+14"/>
    <property name="sun.io.unicode.encoding" value="UnicodeBig"/>
    <property name="socksNonProxyHosts" value="local|*.local|169.254/16|*.169.254/16"/>
    <property name="java.class.version" value="58.0"/>
  </properties>
  <testcase name="whenInitializingKinesisService_thenNotNull" classname="KinesisServiceIntegrationTest" time="0.007"/>
  <testcase name="CreateDataStream" classname="KinesisServiceIntegrationTest" time="0.427"/>
  <testcase name="DescribeLimits" classname="KinesisServiceIntegrationTest" time="0.032"/>
  <testcase name="ListShards" classname="KinesisServiceIntegrationTest" time="60.158"/>
  <testcase name="putRecords" classname="KinesisServiceIntegrationTest" time="6.473"/>
  <testcase name="GetRecords" classname="KinesisServiceIntegrationTest" time="0.144"/>
</testsuite>